<?xml version="1.0" encoding="UTF-8"?>
<!-- Generated by org.testng.reporters.JUnitReportReporter -->
<testsuite hostname="Hassan-G8" failures="0" tests="1" name="org.example.testcases.req_res" time="0.972" errors="0" timestamp="2022-11-26T17:31:21 PKT" skipped="0">
  <testcase classname="org.example.testcases.req_res" name="updateUser" time="0.972"/>
  <system-out/>
</testsuite> <!-- org.example.testcases.req_res -->
